.android/Flutter/build/intermediates/manifest_merge_blame_file/debug/processDebugManifest/manifest-merger-blame-debug-report.txt
1<?xml version="1.0" encoding="utf-8"?>
2<!-- Generated file. Do not edit. -->
3<manifest xmlns:android="http://schemas.android.com/apk/res/android"
4    xmlns:tools="http://schemas.android.com/tools"
5    package="com.example.dormdevise" >
6
7    <uses-sdk android:minSdkVersion="24" />
8
9    <uses-permission android:name="android.permission.INTERNET" />
9-->src\main\AndroidManifest.xml:5:3-64
9-->src\main\AndroidManifest.xml:5:20-62
10
11    <application tools:node="merge" >
11-->src\main\AndroidManifest.xml:6:3-16:17
11-->src\main\AndroidManifest.xml:7:5-23
12        <meta-data
12-->src\main\AndroidManifest.xml:8:5-10:32
13            android:name="flutterProjectType"
13-->src\main\AndroidManifest.xml:9:7-40
14            android:value="module" />
14-->src\main\AndroidManifest.xml:10:7-29
15        <!--
16           Don't delete the meta-data below.
17           It is used by the Flutter tool to generate GeneratedPluginRegistrant.java
18        -->
19        <meta-data
19-->src\main\AndroidManifest.xml:13:7-15:31
20            android:name="flutterEmbedding"
20-->src\main\AndroidManifest.xml:14:11-42
21            android:value="2" />
21-->src\main\AndroidManifest.xml:15:11-28
22    </application>
23
24</manifest>